time="2022-02-06 18:15:39" level=info msg="| [request] | 200 | 28.1322ms |             ::1 | GET | /article/12 |"
time="2022-02-06 18:15:40" level=info msg="| [request] | 200 | 27.3615ms |             ::1 | GET | /article/12 |"
time="2022-02-06 18:15:41" level=info msg="| [request] | 200 | 29.9966ms |             ::1 | GET | /article/12 |"
time="2022-02-06 18:15:41" level=info msg="| [request] | 200 | 24.6049ms |             ::1 | GET | /article/12 |"
time="2022-02-06 18:15:42" level=info msg="| [request] | 200 | 22.9828ms |             ::1 | GET | /article/12 |"
time="2022-02-06 18:15:43" level=info msg="| [request] | 200 | 23.4807ms |             ::1 | GET | /article/12 |"
time="2022-02-06 18:15:43" level=info msg="| [request] | 200 | 25.0013ms |             ::1 | GET | /article/12 |"
time="2022-02-06 18:15:44" level=info msg="| [request] | 200 | 22.887ms |             ::1 | GET | /article/12 |"
time="2022-02-06 18:15:45" level=info msg="| [request] | 200 | 22.6064ms |             ::1 | GET | /article/12 |"
time="2022-02-06 18:15:45" level=info msg="| [request] | 200 | 24.7068ms |             ::1 | GET | /article/12 |"
time="2022-02-06 18:15:46" level=info msg="| [request] | 200 | 22.7569ms |             ::1 | GET | /article/12 |"
time="2022-02-06 18:15:47" level=info msg="| [request] | 200 | 27.8325ms |             ::1 | GET | /article/12 |"
time="2022-02-06 18:15:47" level=info msg="| [request] | 200 | 23.8379ms |             ::1 | GET | /article/12 |"
time="2022-02-06 18:15:48" level=info msg="| [request] | 200 | 23.4713ms |             ::1 | GET | /article/12 |"
time="2022-02-06 18:15:49" level=info msg="| [request] | 200 | 27.485ms |             ::1 | GET | /article/12 |"
time="2022-02-06 18:15:49" level=info msg="| [request] | 200 | 22.1864ms |             ::1 | GET | /article/12 |"
time="2022-02-06 18:17:10" level=info msg="| [request] | 200 | 21.8148ms |             ::1 | GET | /article/12 |"
time="2022-02-06 18:17:10" level=info msg="| [request] | 200 | 21.3581ms |             ::1 | GET | /article/12 |"
time="2022-02-06 18:17:10" level=info msg="| [request] | 200 | 23.7655ms |             ::1 | GET | /article/12 |"
time="2022-02-06 18:17:11" level=info msg="| [request] | 200 | 22.9062ms |             ::1 | GET | /article/12 |"
time="2022-02-06 18:17:16" level=info msg="| [request] | 200 |  24.577ms |             ::1 | GET | /article/12 |"
time="2022-02-06 18:17:16" level=info msg="| [request] | 200 | 27.6447ms |             ::1 | GET | /article/12 |"
time="2022-02-06 18:17:19" level=info msg="| [request] | 200 | 23.1445ms |             ::1 | GET | /article/12 |"
time="2022-02-06 18:17:20" level=info msg="| [request] | 200 | 28.1834ms |             ::1 | GET | /article/12 |"
time="2022-02-06 18:17:21" level=info msg="| [request] | 200 |  22.348ms |             ::1 | GET | /article/12 |"
time="2022-02-06 18:17:21" level=info msg="| [request] | 200 | 29.1582ms |             ::1 | GET | /article/12 |"
time="2022-02-06 18:17:22" level=info msg="| [request] | 200 | 21.4505ms |             ::1 | GET | /article/12 |"
time="2022-02-06 18:17:25" level=info msg="| [request] | 200 | 27.1718ms |             ::1 | GET | /article/12 |"
time="2022-02-06 18:17:26" level=info msg="| [request] | 200 | 27.5905ms |             ::1 | GET | /article/12 |"
time="2022-02-06 18:17:29" level=info msg="| [request] | 200 | 21.3366ms |             ::1 | GET | /article/12 |"
time="2022-02-06 18:22:09" level=info msg="======================================\nService started 2022-02-06 18:22:09.6150805 +0800 CST m=+0.015244201\n======================================"
time="2022-02-06 18:22:12" level=info msg="| [request] | 200 | 25.1226ms |             ::1 | GET | /article/12 |"
time="2022-02-06 18:23:42" level=info msg="| [service] | Service started |"
time="2022-02-06 18:24:31" level=info msg="| [service] | ***** Service started ***** |"
time="2022-02-06 18:24:53" level=info msg="| [service] | ***** Service started ***** |"
time="2022-02-06 18:25:18" level=info msg="| [service] | ***** Service started ***** |"
time="2022-02-06 18:25:19" level=info msg="| [request] | 200 |  30.786ms |             ::1 | GET | /article/12 |"
time="2022-02-06 18:25:26" level=info msg="| [request] | 200 | 24.1975ms |             ::1 | GET | /article/12 |"
time="2022-02-06 18:25:27" level=info msg="| [request] | 200 | 27.0062ms |             ::1 | GET | /article/12 |"
time="2022-02-06 18:26:00" level=info msg="| [service] | ***** Service started ***** |"
time="2022-02-06 18:26:38" level=info msg="| [request] | 201 | 46.7338ms |             ::1 | POST | /article/ |"
time="2022-02-06 18:27:35" level=info msg="| [service] | ***** Service started ***** |"
time="2022-02-06 20:30:04" level=info msg="| [service] | ***** Service started ***** |"
time="2022-02-06 20:51:11" level=info msg="| [service] | ***** Service started ***** |"
time="2022-02-08 19:46:11" level=info msg="| [service] | ***** Service started ***** |"
time="2022-02-08 19:46:11" level=info msg="| [service] | ***** Service stoped ***** |"
time="2022-02-08 19:47:42" level=info msg="| [service] | ***** Service started ***** |"
time="2022-02-08 19:47:42" level=info msg="| [service] | ***** Service stoped ***** |"
time="2022-02-08 19:49:08" level=info msg="| [service] | ***** Service started ***** |"
time="2022-02-08 19:49:16" level=info msg="| [request] | 200 | 42.7307ms |             ::1 | GET | /article/1 |"
time="2022-02-08 19:49:16" level=info msg="| [request] | 404 |        0s |             ::1 | GET | /favicon.ico |"
time="2022-02-08 19:49:20" level=info msg="| [request] | 404 |  5.2657ms |             ::1 | GET | /user/1 |"
time="2022-02-08 19:49:24" level=info msg="| [request] | 404 |  4.7279ms |             ::1 | GET | /user/12 |"
time="2022-02-08 19:49:26" level=info msg="| [request] | 200 |  9.7789ms |             ::1 | GET | /user/2 |"
time="2022-02-08 19:49:29" level=info msg="| [request] | 200 |  9.5035ms |             ::1 | GET | /user/3 |"
time="2022-02-08 19:52:20" level=info msg="| [request] | 200 | 14.8815ms |             ::1 | GET | /user/2 |"
time="2022-02-08 19:53:06" level=info msg="| [request] | 201 | 23.8094ms |             ::1 | POST | /user/ |"
time="2022-02-08 19:54:50" level=info msg="| [request] | 201 | 18.2458ms |             ::1 | POST | /user/ |"
time="2022-02-08 19:56:18" level=info msg="| [service] | ***** Service started ***** |"
time="2022-02-08 19:56:21" level=info msg="| [request] | 201 | 16.0626ms |             ::1 | POST | /user/ |"
time="2022-02-08 19:56:22" level=info msg="| [request] | 201 |  16.357ms |             ::1 | POST | /user/ |"
time="2022-02-08 19:56:23" level=info msg="| [request] | 201 | 14.7167ms |             ::1 | POST | /user/ |"
time="2022-02-08 19:56:23" level=info msg="| [request] | 201 | 15.0963ms |             ::1 | POST | /user/ |"
time="2022-02-08 19:58:18" level=info msg="| [request] | 204 | 23.1321ms |             ::1 | DELETE | /user/2 |"
time="2022-02-08 19:58:19" level=info msg="| [request] | 404 |  5.4252ms |             ::1 | DELETE | /user/2 |"
time="2022-02-08 19:59:34" level=info msg="| [request] | 204 | 24.7463ms |             ::1 | PATCH | /user/3 |"
time="2022-02-08 19:59:40" level=info msg="| [request] | 200 | 10.5237ms |             ::1 | GET | /user/3 |"
time="2022-02-08 20:08:50" level=info msg="| [service] | ***** Service started ***** |"
time="2022-02-08 20:08:55" level=info msg="| [service] | ***** Service started ***** |"
time="2022-02-08 20:08:57" level=info msg="| [request] | 201 | 17.3259ms |             ::1 | POST | /user/ |"
time="2022-02-08 20:10:28" level=info msg="| [service] | ***** Service started ***** |"
time="2022-02-08 20:10:38" level=info msg="| [request] | 204 | 23.3869ms |             ::1 | PATCH | /user/3 |"
time="2022-02-08 20:10:39" level=info msg="| [request] | 204 | 23.1181ms |             ::1 | PATCH | /user/3 |"
time="2022-02-08 20:10:40" level=info msg="| [request] | 204 | 20.9888ms |             ::1 | PATCH | /user/3 |"
time="2022-02-08 20:12:13" level=info msg="| [service] | ***** Service started ***** |"
time="2022-02-08 20:12:48" level=info msg="| [request] | 201 | 32.2673856s |             ::1 | POST | /user/ |"
time="2022-02-08 20:12:55" level=info msg="| [request] | 201 | 3.7700475s |             ::1 | POST | /user/ |"
time="2022-02-08 20:14:45" level=info msg="| [service] | ***** Service started ***** |"
time="2022-02-08 20:14:46" level=info msg="| [request] | 204 |  23.964ms |             ::1 | PATCH | /user/3 |"
time="2022-02-08 20:15:01" level=info msg="| [request] | 204 | 22.7169ms |             ::1 | PATCH | /user/3 |"
time="2022-02-08 20:15:06" level=info msg="| [request] | 204 | 26.8545ms |             ::1 | PATCH | /user/3 |"
time="2022-02-08 20:15:09" level=info msg="| [request] | 204 |  22.368ms |             ::1 | PATCH | /user/3 |"
time="2022-02-08 20:15:15" level=info msg="| [request] | 204 | 23.5294ms |             ::1 | PATCH | /user/3 |"
time="2022-02-09 14:34:38" level=info msg="| [service] | ***** Service started ***** |"
time="2022-02-09 14:35:08" level=info msg="| [service] | ***** Service started ***** |"
time="2022-02-09 14:35:19" level=info msg="| [request] | 201 | 18.8372ms |             ::1 | POST | /user/ |"
time="2022-02-09 14:35:20" level=info msg="| [request] | 201 | 17.5375ms |             ::1 | POST | /user/ |"
time="2022-02-09 14:35:21" level=info msg="| [request] | 201 | 19.7943ms |             ::1 | POST | /user/ |"
time="2022-02-09 14:35:22" level=info msg="| [request] | 201 | 16.8203ms |             ::1 | POST | /user/ |"
time="2022-02-09 14:35:23" level=info msg="| [request] | 201 | 17.4885ms |             ::1 | POST | /user/ |"
time="2022-02-09 14:38:09" level=info msg="| [service] | ***** Service started ***** |"
time="2022-02-09 14:38:21" level=info msg="| [request] | 201 | 15.8944ms |             ::1 | POST | /user/ |"
time="2022-02-09 14:39:40" level=info msg="| [service] | ***** Service started ***** |"
time="2022-02-09 14:39:54" level=info msg="| [service] | ***** Service started ***** |"
time="2022-02-09 14:39:56" level=info msg="| [request] | 404 |  4.7697ms |             ::1 | POST | /user/ |"
time="2022-02-09 14:39:57" level=info msg="| [request] | 404 |  3.5652ms |             ::1 | POST | /user/ |"
time="2022-02-09 14:39:58" level=info msg="| [request] | 404 |  4.6013ms |             ::1 | POST | /user/ |"
time="2022-02-09 14:39:58" level=info msg="| [request] | 404 |  4.3979ms |             ::1 | POST | /user/ |"
time="2022-02-09 14:39:59" level=info msg="| [request] | 404 |  5.4834ms |             ::1 | POST | /user/ |"
time="2022-02-09 14:40:04" level=info msg="| [request] | 404 |  3.2289ms |             ::1 | POST | /user/ |"
time="2022-02-09 14:41:00" level=info msg="| [service] | ***** Service started ***** |"
time="2022-02-09 14:41:12" level=info msg="| [request] | 404 |        0s |             ::1 | POST | /token |"
time="2022-02-09 14:41:17" level=info msg="| [request] | 404 |        0s |             ::1 | POST | /token |"
time="2022-02-09 14:41:55" level=info msg="| [service] | ***** Service started ***** |"
time="2022-02-09 14:41:58" level=info msg="| [request] | 201 |   9.683ms |             ::1 | POST | /token |"
time="2022-02-09 14:42:01" level=info msg="| [request] | 201 | 10.5254ms |             ::1 | POST | /token |"
time="2022-02-09 14:42:03" level=info msg="| [request] | 201 |  10.566ms |             ::1 | POST | /token |"
time="2022-02-09 14:42:03" level=info msg="| [request] | 201 |   8.001ms |             ::1 | POST | /token |"
time="2022-02-09 14:42:04" level=info msg="| [request] | 201 | 10.4649ms |             ::1 | POST | /token |"
time="2022-02-09 14:42:34" level=info msg="| [service] | ***** Service started ***** |"
time="2022-02-09 14:42:37" level=info msg="| [request] | 201 | 10.7943ms |             ::1 | POST | /token |"
time="2022-02-09 14:42:58" level=info msg="| [service] | ***** Service started ***** |"
time="2022-02-09 14:43:45" level=info msg="| [service] | ***** Service started ***** |"
time="2022-02-09 14:43:47" level=info msg="| [request] | 201 |  9.9742ms |             ::1 | POST | /token |"
time="2022-02-09 14:44:04" level=info msg="| [service] | ***** Service started ***** |"
time="2022-02-09 14:44:11" level=info msg="| [request] | 201 |   9.672ms |             ::1 | POST | /token |"
time="2022-02-09 14:44:12" level=info msg="| [request] | 201 |  8.4405ms |             ::1 | POST | /token |"
time="2022-02-09 14:44:13" level=info msg="| [request] | 201 | 11.4187ms |             ::1 | POST | /token |"
time="2022-02-09 14:44:14" level=info msg="| [request] | 201 |  9.7625ms |             ::1 | POST | /token |"
time="2022-02-09 14:44:15" level=info msg="| [request] | 201 |  10.504ms |             ::1 | POST | /token |"
time="2022-02-09 14:44:20" level=info msg="| [request] | 201 |   9.295ms |             ::1 | POST | /token |"
time="2022-02-09 14:44:23" level=info msg="| [request] | 201 |  9.8848ms |             ::1 | POST | /token |"
time="2022-02-09 14:44:31" level=info msg="| [request] | 400 |  5.0241ms |             ::1 | POST | /token |"
time="2022-02-09 14:44:37" level=info msg="| [request] | 400 |  9.9462ms |             ::1 | POST | /token |"
time="2022-02-09 14:44:41" level=info msg="| [request] | 201 |  8.7453ms |             ::1 | POST | /token |"
time="2022-02-09 14:50:02" level=info msg="| [service] | ***** Service started ***** |"
time="2022-02-09 14:50:32" level=info msg="| [service] | ***** Service started ***** |"
time="2022-02-09 14:50:42" level=info msg="| [request] | 200 | 12.7937ms |             ::1 | GET | /user/3 |"
time="2022-02-09 14:50:43" level=info msg="| [request] | 200 |  8.6085ms |             ::1 | GET | /user/3 |"
time="2022-02-09 14:50:46" level=info msg="| [request] | 404 |  4.1431ms |             ::1 | POST | /user/ |"
time="2022-02-09 14:50:56" level=info msg="| [request] | 200 | 39.0313ms |             ::1 | GET | /article/12 |"
time="2022-02-09 14:50:59" level=info msg="| [request] | 200 |  873.46ms |             ::1 | GET | /article/ |"
time="2022-02-09 14:51:04" level=info msg="| [request] | 401 |        0s |             ::1 | POST | /article/ |"
time="2022-02-09 14:51:28" level=info msg="| [request] | 401 |        0s |             ::1 | POST | /article/ |"
time="2022-02-09 14:51:29" level=info msg="| [request] | 401 |        0s |             ::1 | POST | /article/ |"
time="2022-02-09 14:52:01" level=info msg="| [request] | 201 | 10.0672ms |             ::1 | POST | /token |"
time="2022-02-09 14:52:11" level=info msg="| [request] | 401 |        0s |             ::1 | POST | /article/ |"
time="2022-02-09 14:52:25" level=info msg="| [request] | 401 |        0s |             ::1 | POST | /article/ |"
time="2022-02-09 14:52:41" level=info msg="| [request] | 401 |        0s |             ::1 | POST | /article/ |"
time="2022-02-09 14:53:03" level=info msg="| [service] | ***** Service started ***** |"
time="2022-02-09 14:55:44" level=info msg="| [service] | ***** Service started ***** |"
time="2022-02-09 14:55:45" level=info msg="| [request] | 401 |  1.0009ms |             ::1 | POST | /article/ |"
time="2022-02-09 14:56:00" level=info msg="| [service] | ***** Service started ***** |"
time="2022-02-09 14:59:34" level=info msg="| [service] | ***** Service started ***** |"
time="2022-02-09 14:59:38" level=info msg="| [request] | 201 |  9.3368ms |             ::1 | POST | /token |"
time="2022-02-09 14:59:58" level=info msg="| [request] | 201 | 29.9172ms |             ::1 | POST | /article/ |"
time="2022-02-09 15:00:03" level=info msg="| [request] | 401 |        0s |             ::1 | POST | /article/ |"
time="2022-02-09 15:00:06" level=info msg="| [request] | 201 | 31.9093ms |             ::1 | POST | /article/ |"
time="2022-02-09 15:00:56" level=info msg="| [service] | ***** Service started ***** |"
time="2022-02-09 15:01:09" level=info msg="| [service] | ***** Service started ***** |"
time="2022-02-09 15:01:35" level=info msg="| [service] | ***** Service started ***** |"
time="2022-02-09 15:02:05" level=info msg="| [request] | 401 | 28.2009173s |             ::1 | POST | /article/ |"
time="2022-02-09 15:02:16" level=info msg="| [service] | ***** Service started ***** |"
time="2022-02-09 15:02:17" level=info msg="| [request] | 401 |        0s |             ::1 | POST | /article/ |"
time="2022-02-09 15:02:19" level=info msg="| [request] | 401 |        0s |             ::1 | POST | /article/ |"
time="2022-02-09 15:02:39" level=info msg="| [service] | ***** Service started ***** |"
time="2022-02-09 15:03:19" level=info msg="| [service] | ***** Service started ***** |"
time="2022-02-09 15:03:34" level=info msg="| [service] | ***** Service started ***** |"
time="2022-02-09 15:05:34" level=info msg="| [service] | ***** Service started ***** |"
time="2022-02-09 15:06:37" level=info msg="| [service] | ***** Service started ***** |"
time="2022-02-09 15:07:07" level=info msg="| [service] | ***** Service started ***** |"
time="2022-02-09 15:09:42" level=info msg="| [service] | ***** Service started ***** |"
time="2022-02-09 15:10:17" level=info msg="| [service] | ***** Service started ***** |"
time="2022-02-09 15:11:27" level=info msg="| [service] | ***** Service started ***** |"
time="2022-02-09 15:11:28" level=info msg="| [request] | 401 |   998.6µs |             ::1 | POST | /article/ |"
time="2022-02-09 15:12:48" level=info msg="| [service] | ***** Service started ***** |"
time="2022-02-09 15:12:50" level=info msg="| [request] | 201 | 29.2835ms |             ::1 | POST | /article/ |"
time="2022-02-09 15:12:59" level=info msg="| [request] | 401 |        0s |             ::1 | POST | /article/ |"
time="2022-02-09 15:13:03" level=info msg="| [request] | 201 |  28.642ms |             ::1 | POST | /article/ |"
time="2022-02-09 15:30:47" level=info msg="| [service] | ***** Service started ***** |"
time="2022-02-09 15:31:28" level=info msg="| [service] | ***** Service started ***** |"
time="2022-02-09 15:31:28" level=info msg="| [request] | 401 |  1.0044ms |             ::1 | POST | /article/ |"
time="2022-02-09 15:31:41" level=info msg="| [request] | 401 |        0s |             ::1 | POST | /article/ |"
time="2022-02-09 15:31:41" level=info msg="| [request] | 401 |   999.3µs |             ::1 | POST | /article/ |"
time="2022-02-09 15:31:42" level=info msg="| [request] | 401 |        0s |             ::1 | POST | /article/ |"
time="2022-02-09 15:31:43" level=info msg="| [request] | 401 |        0s |             ::1 | POST | /article/ |"
time="2022-02-09 15:31:51" level=info msg="| [request] | 401 |        0s |             ::1 | POST | /article/ |"
time="2022-02-09 15:32:06" level=info msg="| [service] | ***** Service started ***** |"
time="2022-02-09 15:32:07" level=info msg="| [service] | ***** Service started ***** |"
time="2022-02-09 15:32:07" level=info msg="| [service] | ***** Service stoped ***** |"
time="2022-02-09 15:32:09" level=info msg="| [request] | 401 |        0s |             ::1 | POST | /article/ |"
time="2022-02-09 15:32:20" level=info msg="| [service] | ***** Service started ***** |"
time="2022-02-09 15:32:37" level=info msg="| [service] | ***** Service started ***** |"
time="2022-02-09 15:32:58" level=info msg="| [request] | 201 | 29.3719ms |             ::1 | POST | /article/ |"
time="2022-02-09 15:54:59" level=info msg="| [service] | ***** Service started ***** |"
time="2022-02-09 15:55:47" level=info msg="| [service] | ***** Service started ***** |"
time="2022-02-09 15:56:31" level=info msg="| [service] | ***** Service started ***** |"
time="2022-02-09 15:56:34" level=info msg="| [request] | 201 | 31.4228ms |             ::1 | POST | /article/ |"
time="2022-02-09 15:56:35" level=info msg="| [request] | 201 | 28.5517ms |             ::1 | POST | /article/ |"
time="2022-02-09 15:56:36" level=info msg="| [request] | 201 | 29.7598ms |             ::1 | POST | /article/ |"
time="2022-02-09 16:04:03" level=info msg="| [service] | ***** Service started ***** |"
time="2022-02-09 16:04:27" level=info msg="| [request] | 403 | 30.0203ms |             ::1 | PATCH | /article/3 |"
time="2022-02-09 16:04:44" level=info msg="| [request] | 204 |  63.188ms |             ::1 | PATCH | /article/67 |"
time="2022-02-09 16:05:01" level=info msg="| [request] | 403 | 25.4419ms |             ::1 | PATCH | /article/57 |"
time="2022-02-09 16:06:53" level=info msg="| [service] | ***** Service started ***** |"
time="2022-02-09 16:06:56" level=info msg="| [request] | 403 |  27.145ms |             ::1 | PATCH | /article/57 |"
time="2022-02-09 16:09:43" level=info msg="| [service] | ***** Service started ***** |"
time="2022-02-09 16:09:59" level=info msg="| [request] | 204 | 20.3352ms |             ::1 | DELETE | /user/2 |"
time="2022-02-09 16:10:10" level=info msg="| [request] | 404 |  4.2157ms |             ::1 | DELETE | /user/2 |"
time="2022-02-09 16:10:31" level=info msg="| [service] | ***** Service started ***** |"
time="2022-02-09 16:10:42" level=info msg="| [request] | 204 | 20.7142ms |             ::1 | DELETE | /user/3 |"
time="2022-02-09 16:10:43" level=info msg="| [request] | 404 |  3.3742ms |             ::1 | DELETE | /user/3 |"
time="2022-02-09 16:11:05" level=info msg="| [request] | 404 |  5.9328ms |             ::1 | DELETE | /user/3 |"
time="2022-02-09 16:11:08" level=info msg="| [request] | 204 | 20.8311ms |             ::1 | DELETE | /user/9 |"
time="2022-02-09 16:11:14" level=info msg="| [service] | ***** Service started ***** |"
time="2022-02-09 16:11:16" level=info msg="| [request] | 404 |  5.0408ms |             ::1 | DELETE | /user/9 |"
time="2022-02-09 16:11:23" level=info msg="| [request] | 404 |  8.3573ms |             ::1 | DELETE | /user/9 |"
time="2022-02-09 16:12:11" level=info msg="| [service] | ***** Service started ***** |"
time="2022-02-09 16:12:14" level=info msg="| [request] | 404 |  4.6254ms |             ::1 | DELETE | /user/9 |"
time="2022-02-09 16:12:15" level=info msg="| [request] | 404 |  3.9685ms |             ::1 | DELETE | /user/9 |"
time="2022-02-09 16:12:16" level=info msg="| [request] | 404 |  4.1855ms |             ::1 | DELETE | /user/9 |"
time="2022-02-09 16:12:41" level=info msg="| [service] | ***** Service started ***** |"
time="2022-02-09 16:12:48" level=info msg="| [request] | 404 |  5.7485ms |             ::1 | DELETE | /user/9 |"
time="2022-02-09 16:13:10" level=info msg="| [request] | 403 | 12.0324106s |             ::1 | DELETE | /article/9 |"
time="2022-02-09 16:13:29" level=info msg="| [request] | 204 | 68.4932ms |             ::1 | DELETE | /article/64 |"
time="2022-02-09 16:13:35" level=info msg="| [request] | 404 |  4.8439ms |             ::1 | DELETE | /article/69 |"
time="2022-02-09 16:13:42" level=info msg="| [request] | 403 | 31.7564ms |             ::1 | DELETE | /article/55 |"
time="2022-02-09 16:21:35" level=info msg="| [service] | ***** Service started ***** |"
time="2022-02-09 16:21:50" level=info msg="| [request] | 404 |  7.1769ms |             ::1 | PATCH | /user/3 |"
time="2022-02-09 16:21:57" level=info msg="| [request] | 404 |  4.1226ms |             ::1 | PATCH | /user/2 |"
time="2022-02-09 16:24:02" level=info msg="| [service] | ***** Service started ***** |"
time="2022-02-09 16:24:04" level=info msg="| [request] | 204 | 24.2372ms |             ::1 | PATCH | /user/2 |"
time="2022-02-09 16:25:32" level=info msg="| [service] | ***** Service started ***** |"
time="2022-02-09 16:25:35" level=info msg="| [request] | 404 | 13.3028ms |             ::1 | PATCH | /user/2 |"
time="2022-02-09 16:26:08" level=info msg="| [service] | ***** Service started ***** |"
time="2022-02-09 16:26:09" level=info msg="| [request] | 400 | 13.8322ms |             ::1 | PATCH | /user/2 |"
time="2022-02-09 16:26:10" level=info msg="| [request] | 400 | 12.9688ms |             ::1 | PATCH | /user/2 |"
time="2022-02-09 16:26:11" level=info msg="| [request] | 400 |  12.847ms |             ::1 | PATCH | /user/2 |"
time="2022-02-09 16:26:13" level=info msg="| [request] | 204 | 23.7615ms |             ::1 | PATCH | /user/2 |"
time="2022-02-09 16:26:14" level=info msg="| [request] | 400 |  12.249ms |             ::1 | PATCH | /user/2 |"
time="2022-02-09 16:26:21" level=info msg="| [request] | 403 |  9.6095ms |             ::1 | PATCH | /user/4 |"
time="2022-02-09 16:27:26" level=info msg="| [service] | ***** Service started ***** |"
time="2022-02-09 16:27:41" level=info msg="| [request] | 404 |  4.2909ms |             ::1 | DELETE | /article/2 |"
time="2022-02-09 16:27:50" level=info msg="| [request] | 204 | 29.7204ms |             ::1 | DELETE | /user/2 |"
time="2022-02-09 16:27:55" level=info msg="| [request] | 404 |  3.5305ms |             ::1 | DELETE | /user/2 |"
time="2022-02-09 16:27:59" level=info msg="| [request] | 403 |  9.6394ms |             ::1 | DELETE | /user/3 |"
time="2022-02-09 16:28:02" level=info msg="| [request] | 404 |  3.6612ms |             ::1 | DELETE | /user/2 |"
time="2022-02-09 16:28:23" level=info msg="| [request] | 404 |  4.8936ms |             ::1 | DELETE | /user/6 |"
time="2022-02-09 16:28:27" level=info msg="| [request] | 404 |  3.4914ms |             ::1 | DELETE | /user/8 |"
time="2022-02-09 16:28:30" level=info msg="| [request] | 403 |  9.0011ms |             ::1 | DELETE | /user/3 |"
time="2022-02-09 16:28:50" level=info msg="| [request] | 400 |  4.1441ms |             ::1 | POST | /token |"
time="2022-02-09 16:29:02" level=info msg="| [request] | 400 |  9.2035ms |             ::1 | POST | /token |"
time="2022-02-09 16:29:18" level=info msg="| [request] | 400 |  7.7643ms |             ::1 | POST | /token |"
time="2022-02-09 16:29:18" level=info msg="| [request] | 400 | 10.2665ms |             ::1 | POST | /token |"
time="2022-02-09 16:29:19" level=info msg="| [request] | 400 |   8.841ms |             ::1 | POST | /token |"
time="2022-02-09 16:29:19" level=info msg="| [request] | 400 | 10.0775ms |             ::1 | POST | /token |"
time="2022-02-09 16:29:20" level=info msg="| [request] | 400 | 10.3087ms |             ::1 | POST | /token |"
time="2022-02-09 16:29:21" level=info msg="| [request] | 400 |  8.5393ms |             ::1 | POST | /token |"
time="2022-02-09 16:29:54" level=info msg="| [request] | 400 |  9.3915ms |             ::1 | POST | /token |"
time="2022-02-09 16:30:02" level=info msg="| [request] | 400 |  9.5064ms |             ::1 | POST | /token |"
time="2022-02-09 16:30:03" level=info msg="| [request] | 400 |  9.6558ms |             ::1 | POST | /token |"
time="2022-02-09 16:30:09" level=info msg="| [service] | ***** Service started ***** |"
time="2022-02-09 16:30:10" level=info msg="| [request] | 400 |  9.6258ms |             ::1 | POST | /token |"
time="2022-02-09 16:30:11" level=info msg="| [request] | 400 |  8.3131ms |             ::1 | POST | /token |"
time="2022-02-09 16:30:12" level=info msg="| [request] | 400 |  9.5228ms |             ::1 | POST | /token |"
time="2022-02-09 16:30:13" level=info msg="| [request] | 400 |  8.0401ms |             ::1 | POST | /token |"
time="2022-02-09 16:30:14" level=info msg="| [request] | 400 |  9.3756ms |             ::1 | POST | /token |"
time="2022-02-09 16:30:19" level=info msg="| [service] | ***** Service started ***** |"
time="2022-02-09 16:31:27" level=info msg="| [service] | ***** Service started ***** |"
time="2022-02-09 16:31:27" level=info msg="| [request] | 201 |  8.0205ms |             ::1 | POST | /token |"
time="2022-02-09 16:31:51" level=info msg="| [request] | 204 | 28.2007ms |             ::1 | DELETE | /user/3 |"
time="2022-02-09 16:31:52" level=info msg="| [request] | 404 |  4.7873ms |             ::1 | DELETE | /user/3 |"
time="2022-02-09 16:31:55" level=info msg="| [request] | 404 |  5.2169ms |             ::1 | DELETE | /user/30 |"
time="2022-02-09 16:31:58" level=info msg="| [request] | 404 |  4.4496ms |             ::1 | DELETE | /user/7 |"
time="2022-02-09 16:32:02" level=info msg="| [request] | 204 | 25.8625ms |             ::1 | DELETE | /user/4 |"
time="2022-02-09 17:25:19" level=info msg="| [service] | ***** Service started ***** |"
time="2022-02-10 21:46:40" level=info msg="| [service] | ***** Service started ***** |"
time="2022-02-10 21:46:42" level=info msg="| [service] | ***** Service stoped ***** |"
time="2022-02-10 21:48:30" level=info msg="| [service] | ***** Service started ***** |"
time="2022-02-10 21:48:32" level=info msg="| [service] | ***** Service stoped ***** |"
time="2022-02-10 21:49:31" level=info msg="| [service] | ***** Service started ***** |"
time="2022-02-10 21:49:37" level=info msg="| [request] | 404 |        0s |             ::1 | PUT | /user/4 |"
time="2022-02-10 21:49:45" level=info msg="| [request] | 404 |        0s |             ::1 | PUT | /user/5 |"
time="2022-02-10 21:49:46" level=info msg="| [request] | 404 |        0s |             ::1 | PUT | /user/5 |"
time="2022-02-10 21:50:10" level=info msg="| [request] | 404 |        0s |             ::1 | PUT | /article/57 |"
time="2022-02-10 21:50:16" level=info msg="| [request] | 404 |        0s |             ::1 | PUT | /article/5 |"
time="2022-02-10 21:50:18" level=info msg="| [request] | 404 |        0s |             ::1 | PUT | /article/5 |"
time="2022-02-10 21:50:23" level=info msg="| [request] | 201 | 44.4627ms |             ::1 | POST | /article/ |"
time="2022-02-10 21:50:24" level=info msg="| [request] | 201 | 34.2286ms |             ::1 | POST | /article/ |"
time="2022-02-10 21:50:25" level=info msg="| [request] | 201 | 37.2337ms |             ::1 | POST | /article/ |"
time="2022-02-10 21:50:35" level=info msg="| [request] | 404 |        0s |             ::1 | PUT | /article/3 |"
time="2022-02-10 21:50:36" level=info msg="| [request] | 404 |        0s |             ::1 | PUT | /article/3 |"
time="2022-02-10 21:51:03" level=info msg="| [service] | ***** Service started ***** |"
time="2022-02-10 21:51:06" level=info msg="| [request] | 204 | 51.9242ms |             ::1 | PUT | /article/3 |"
time="2022-02-10 21:53:49" level=info msg="| [service] | ***** Service started ***** |"
time="2022-02-10 21:54:04" level=info msg="| [request] | 204 | 54.2478ms |             ::1 | PUT | /article/3 |"
time="2022-02-10 21:54:09" level=info msg="| [request] | 204 | 48.6826ms |             ::1 | PUT | /article/3 |"
time="2022-02-10 21:54:14" level=info msg="| [request] | 404 |  4.6207ms |             ::1 | PUT | /article/6 |"
time="2022-02-10 21:55:06" level=info msg="| [service] | ***** Service started ***** |"
time="2022-02-10 21:55:08" level=info msg="| [request] | 201 | 17.3276ms |             ::1 | PUT | /article/6 |"
time="2022-02-10 21:55:15" level=info msg="| [request] | 204 | 36.9141ms |             ::1 | PUT | /article/6 |"
time="2022-02-10 21:56:01" level=info msg="| [request] | 204 | 42.4441ms |             ::1 | PUT | /article/6 |"
time="2022-02-10 21:56:16" level=info msg="| [request] | 204 | 33.8323ms |             ::1 | PUT | /article/6 |"
time="2022-02-10 21:56:44" level=info msg="| [request] | 204 | 36.2985ms |             ::1 | PUT | /article/6 |"
time="2022-02-10 21:56:44" level=info msg="| [request] | 204 | 37.3462ms |             ::1 | PUT | /article/6 |"
time="2022-02-10 21:56:45" level=info msg="| [request] | 204 |   37.92ms |             ::1 | PUT | /article/6 |"
time="2022-02-10 21:56:46" level=info msg="| [request] | 204 | 38.1397ms |             ::1 | PUT | /article/6 |"
time="2022-02-10 21:56:47" level=info msg="| [request] | 204 | 43.6141ms |             ::1 | PUT | /article/6 |"
time="2022-02-10 21:56:48" level=info msg="| [request] | 204 | 44.4082ms |             ::1 | PUT | /article/6 |"
time="2022-02-10 21:56:48" level=info msg="| [request] | 204 | 42.6295ms |             ::1 | PUT | /article/6 |"
time="2022-02-10 21:57:11" level=info msg="| [service] | ***** Service started ***** |"
time="2022-02-10 21:59:26" level=info msg="| [service] | ***** Service started ***** |"
time="2022-02-10 21:59:29" level=info msg="| [request] | 204 | 42.5065ms |             ::1 | PUT | /article/6 |"
time="2022-02-10 21:59:38" level=info msg="| [request] | 204 | 43.1964ms |             ::1 | PUT | /article/6 |"
time="2022-02-10 21:59:46" level=info msg="| [request] | 201 | 19.7685ms |             ::1 | PUT | /article/60 |"
